{"C:\\Users\\HP\\Desktop\\module 2\\Module2_capstune_Project\\src\\modules\\moviecount.js": {"path":"C:\\Users\\HP\\Desktop\\module 2\\Module2_capstune_Project\\src\\modules\\moviecount.js","statementMap":{"0":{"start":{"line":1,"column":19},"end":{"line":4,"column":1}},"1":{"start":{"line":2,"column":15},"end":{"line":2,"column":27}},"2":{"start":{"line":3,"column":3},"end":{"line":3,"column":15}}},"fnMap":{"0":{"name":"(anonymous_0)","decl":{"start":{"line":1,"column":19},"end":{"line":1,"column":20}},"loc":{"start":{"line":1,"column":30},"end":{"line":4,"column":1}},"line":1}},"branchMap":{},"s":{"0":1,"1":1,"2":1},"f":{"0":1},"b":{},"_coverageSchema":"1a1c01bbd47fc00a2c39e90264f33305004495a9","hash":"d165aecc56d12b6222467cbd8e0b3485cf853f8a"}
}
