{"C:\\Users\\HP\\Desktop\\module 2\\Module2_capstune_Project\\src\\modules\\listlayout.js": {"path":"C:\\Users\\HP\\Desktop\\module 2\\Module2_capstune_Project\\src\\modules\\listlayout.js","statementMap":{"0":{"start":{"line":1,"column":19},"end":{"line":6,"column":1}},"1":{"start":{"line":2,"column":15},"end":{"line":2,"column":64}},"2":{"start":{"line":3,"column":14},"end":{"line":3,"column":42}},"3":{"start":{"line":4,"column":2},"end":{"line":4,"column":23}},"4":{"start":{"line":5,"column":2},"end":{"line":5,"column":26}}},"fnMap":{"0":{"name":"(anonymous_0)","decl":{"start":{"line":1,"column":19},"end":{"line":1,"column":20}},"loc":{"start":{"line":1,"column":34},"end":{"line":6,"column":1}},"line":1}},"branchMap":{},"s":{"0":2,"1":8,"2":8,"3":8,"4":8},"f":{"0":8},"b":{},"_coverageSchema":"1a1c01bbd47fc00a2c39e90264f33305004495a9","hash":"13b7b68b95bc3bd6ef042b6315fed443db1a8ad4"}
,"C:\\Users\\HP\\Desktop\\module 2\\Module2_capstune_Project\\src\\modules\\moviecount.js": {"path":"C:\\Users\\HP\\Desktop\\module 2\\Module2_capstune_Project\\src\\modules\\moviecount.js","statementMap":{"0":{"start":{"line":1,"column":19},"end":{"line":5,"column":1}},"1":{"start":{"line":2,"column":16},"end":{"line":2,"column":44}},"2":{"start":{"line":3,"column":2},"end":{"line":3,"column":32}},"3":{"start":{"line":4,"column":2},"end":{"line":4,"column":15}}},"fnMap":{"0":{"name":"(anonymous_0)","decl":{"start":{"line":1,"column":19},"end":{"line":1,"column":20}},"loc":{"start":{"line":1,"column":38},"end":{"line":5,"column":1}},"line":1}},"branchMap":{},"s":{"0":3,"1":6,"2":6,"3":6},"f":{"0":6},"b":{},"_coverageSchema":"1a1c01bbd47fc00a2c39e90264f33305004495a9","hash":"7ab48470718a8d05e2e4ffe60e8f7dd363b4c01f"}
,"C:\\Users\\HP\\Desktop\\module 2\\Module2_capstune_Project\\src\\modules\\pagelayout.js": {"path":"C:\\Users\\HP\\Desktop\\module 2\\Module2_capstune_Project\\src\\modules\\pagelayout.js","statementMap":{"0":{"start":{"line":1,"column":15},"end":{"line":25,"column":1}},"1":{"start":{"line":2,"column":18},"end":{"line":2,"column":49}},"2":{"start":{"line":3,"column":19},"end":{"line":19,"column":11}},"3":{"start":{"line":20,"column":15},"end":{"line":20,"column":43}},"4":{"start":{"line":21,"column":2},"end":{"line":21,"column":45}},"5":{"start":{"line":22,"column":2},"end":{"line":22,"column":29}},"6":{"start":{"line":23,"column":2},"end":{"line":23,"column":28}},"7":{"start":{"line":24,"column":2},"end":{"line":24,"column":28}}},"fnMap":{"0":{"name":"(anonymous_0)","decl":{"start":{"line":1,"column":15},"end":{"line":1,"column":16}},"loc":{"start":{"line":1,"column":25},"end":{"line":25,"column":1}},"line":1}},"branchMap":{},"s":{"0":1,"1":3,"2":3,"3":3,"4":3,"5":3,"6":3,"7":3},"f":{"0":3},"b":{},"_coverageSchema":"1a1c01bbd47fc00a2c39e90264f33305004495a9","hash":"efda84d12b31e25fb73d5f37d38f8515245bfd6e"}
}
